<?xml version="1.0" encoding="UTF-8"?>
<!-- Generated by org.testng.reporters.JUnitReportReporter -->
<testsuite hostname="DESKTOP-9D2ELR4" failures="0" tests="8" name="utils.Excelutils" time="1.861" errors="0" timestamp="2022-12-27T11:22:52 IST" skipped="0">
  <testcase classname="utils.Excelutils" name="getEachRowFirstCellValue" time="0.057"/>
  <system-out/>
  <testcase classname="utils.Excelutils" name="getRowOperation" time="0.055"/>
  <system-out/>
  <testcase classname="utils.Excelutils" name="getCellOperation" time="1.281"/>
  <system-out/>
  <testcase classname="utils.Excelutils" name="getDifferentCellValues" time="0.059"/>
  <system-out/>
  <testcase classname="utils.Excelutils" name="getDifferentCellValues_2" time="0.058"/>
  <system-out/>
  <testcase classname="utils.Excelutils" name="getEachRowAllCellValue" time="0.097"/>
  <system-out/>
  <testcase classname="utils.Excelutils" name="getSheetName" time="0.043"/>
  <system-out/>
  <testcase classname="utils.Excelutils" name="updateResult" time="0.211"/>
  <system-out/>
</testsuite> <!-- utils.Excelutils -->
